/softwares/Common/synopsys/DesignVision_vD-2010.03-SP2/auxx/gui/dv/dv_setup.tcl
/softwares/Common/synopsys/DesignVision_vD-2010.03-SP2/auxx/gui/syn/snpsSynProcs.tcl
/softwares/Common/synopsys/DesignVision_vD-2010.03-SP2/auxx/tcllib/lib/tcl8.4/package.tcl
/softwares/Common/synopsys/DesignVision_vD-2010.03-SP2/auxx/gui/syn/layout/pkgIndex.tcl
/softwares/Common/synopsys/DesignVision_vD-2010.03-SP2/auxx/gui/common/docBrowser/pkgIndex.tcl
/softwares/Common/synopsys/DesignVision_vD-2010.03-SP2/auxx/gui/common/menus/pkgIndex.tcl
/softwares/Common/synopsys/DesignVision_vD-2010.03-SP2/auxx/gui/common/histogram/pkgIndex.tcl
/softwares/Common/synopsys/DesignVision_vD-2010.03-SP2/auxx/gui/common/opdlg/pkgIndex.tcl
/softwares/Common/synopsys/DesignVision_vD-2010.03-SP2/auxx/gui/common/hierarchy/pkgIndex.tcl
/softwares/Common/synopsys/DesignVision_vD-2010.03-SP2/auxx/gui/common/select/pkgIndex.tcl
/softwares/Common/synopsys/DesignVision_vD-2010.03-SP2/auxx/gui/common/dialogs/pkgIndex.tcl
/softwares/Common/synopsys/DesignVision_vD-2010.03-SP2/auxx/gui/common/tcl-dp/pkgIndex.tcl
/softwares/Common/synopsys/DesignVision_vD-2010.03-SP2/auxx/gui/common/regressionToolkit/pkgIndex.tcl
/softwares/Common/synopsys/DesignVision_vD-2010.03-SP2/auxx/gui/common/view/pkgIndex.tcl
/softwares/Common/synopsys/DesignVision_vD-2010.03-SP2/auxx/gui/common/WindowFrameWork/pkgIndex.tcl
/softwares/Common/synopsys/DesignVision_vD-2010.03-SP2/auxx/gui/common/profiler/pkgIndex.tcl
/softwares/Common/synopsys/DesignVision_vD-2010.03-SP2/auxx/gui/common/libviewer/pkgIndex.tcl
/softwares/Common/synopsys/DesignVision_vD-2010.03-SP2/auxx/gui/common/highlight/pkgIndex.tcl
/softwares/Common/synopsys/DesignVision_vD-2010.03-SP2/auxx/gui/common/misc/pkgIndex.tcl
/softwares/Common/synopsys/DesignVision_vD-2010.03-SP2/auxx/gui/common/schematic/pkgIndex.tcl
/softwares/Common/synopsys/DesignVision_vD-2010.03-SP2/auxx/gui/common/qtcl/pkgIndex.tcl
/softwares/Common/synopsys/DesignVision_vD-2010.03-SP2/auxx/gui/common/strokes/pkgIndex.tcl
/softwares/Common/synopsys/DesignVision_vD-2010.03-SP2/auxx/gui/common/layout/pkgIndex.tcl
/softwares/Common/synopsys/DesignVision_vD-2010.03-SP2/auxx/gui/common/pathinspector/pkgIndex.tcl
/softwares/Common/synopsys/DesignVision_vD-2010.03-SP2/auxx/gui/common/fanoutviewer/pkgIndex.tcl
/softwares/Common/synopsys/DesignVision_vD-2010.03-SP2/auxx/gui/common/setup/pkgIndex.tcl
/softwares/Common/synopsys/DesignVision_vD-2010.03-SP2/auxx/gui/common/table/pkgIndex.tcl
/softwares/Common/synopsys/DesignVision_vD-2010.03-SP2/auxx/tcllib/snps_tcl/snpsTest/pkgIndex.tcl
/softwares/Common/synopsys/DesignVision_vD-2010.03-SP2/auxx/tcllib/snps_tcl/snpsTclPro/pkgIndex.tcl
/softwares/Common/synopsys/DesignVision_vD-2010.03-SP2/auxx/tcllib/snps_tcl/snpsUtils/pkgIndex.tcl
/softwares/Common/synopsys/DesignVision_vD-2010.03-SP2/auxx/tcllib/lib/tcl8.4/tcltest/pkgIndex.tcl
/softwares/Common/synopsys/DesignVision_vD-2010.03-SP2/auxx/tcllib/lib/tcl8.4/dde/pkgIndex.tcl
/softwares/Common/synopsys/DesignVision_vD-2010.03-SP2/auxx/tcllib/lib/tcl8.4/reg/pkgIndex.tcl
/softwares/Common/synopsys/DesignVision_vD-2010.03-SP2/auxx/tcllib/lib/tcl8.4/opt/pkgIndex.tcl
/softwares/Common/synopsys/DesignVision_vD-2010.03-SP2/auxx/tcllib/lib/tcl8.4/msgcat/pkgIndex.tcl
/softwares/Common/synopsys/DesignVision_vD-2010.03-SP2/auxx/tcllib/lib/tcl8.4/http1.0/pkgIndex.tcl
/softwares/Common/synopsys/DesignVision_vD-2010.03-SP2/auxx/tcllib/lib/tcl8.4/http/pkgIndex.tcl
/softwares/Common/synopsys/DesignVision_vD-2010.03-SP2/auxx/gui/common/setup/snpsCommonSetup.tcl
/softwares/Common/synopsys/DesignVision_vD-2010.03-SP2/auxx/gui/common/setup/snpsCustomize.tcl
/softwares/Common/synopsys/DesignVision_vD-2010.03-SP2/auxx/gui/common/setup/snpsProcheck.tcl
/softwares/Common/synopsys/DesignVision_vD-2010.03-SP2/auxx/gui/common/qtcl/.synopsys_qtcl.tcl
/softwares/Common/synopsys/DesignVision_vD-2010.03-SP2/auxx/gui/common/highlight/highlight.tcl
/softwares/Common/synopsys/DesignVision_vD-2010.03-SP2/auxx/gui/common/misc/base.tcl
/softwares/Common/synopsys/DesignVision_vD-2010.03-SP2/auxx/gui/common/misc/timing.tcl
/softwares/Common/synopsys/DesignVision_vD-2010.03-SP2/auxx/gui/common/misc/setting.tcl
/softwares/Common/synopsys/DesignVision_vD-2010.03-SP2/auxx/gui/common/docBrowser/docBrowser.tcl
/softwares/Common/synopsys/DesignVision_vD-2010.03-SP2/auxx/tcllib/snps_tcl/snpsUtils/snpsUtils.tcl
/softwares/Common/synopsys/DesignVision_vD-2010.03-SP2/auxx/gui/common/WindowFrameWork/windowFrameWork.tcl
/softwares/Common/synopsys/DesignVision_vD-2010.03-SP2/auxx/gui/common/WindowFrameWork/skipBusyCursorCmdList.tcl
/softwares/Common/synopsys/DesignVision_vD-2010.03-SP2/auxx/gui/common/dialogs/ObjectChooser.tcl
/softwares/Common/synopsys/DesignVision_vD-2010.03-SP2/auxx/gui/common/misc/DialogObjectChooser.tcl
/softwares/Common/synopsys/DesignVision_vD-2010.03-SP2/auxx/gui/common/dialogs/HistBinInformation.tcl
/softwares/Common/synopsys/DesignVision_vD-2010.03-SP2/auxx/gui/common/dialogs/HistBin1Information.tcl
/softwares/Common/synopsys/DesignVision_vD-2010.03-SP2/auxx/gui/common/dialogs/BinsOnlyInformation.tcl
/softwares/Common/synopsys/DesignVision_vD-2010.03-SP2/auxx/gui/common/dialogs/FileChooser.tcl
/softwares/Common/synopsys/DesignVision_vD-2010.03-SP2/auxx/gui/common/dialogs/PathPinSimpleInfo.tcl
/softwares/Common/synopsys/DesignVision_vD-2010.03-SP2/auxx/gui/common/dialogs/PathsBasicInfo.tcl
/softwares/Common/synopsys/DesignVision_vD-2010.03-SP2/auxx/gui/common/dialogs/PathsBasicSimpleInfo.tcl
/softwares/Common/synopsys/DesignVision_vD-2010.03-SP2/auxx/gui/common/dialogs/SlctOperationInfo.tcl
/softwares/Common/synopsys/DesignVision_vD-2010.03-SP2/auxx/gui/common/dialogs/ObjectListInfo.tcl
/softwares/Common/synopsys/DesignVision_vD-2010.03-SP2/auxx/gui/common/dialogs/FanInOutInfo.tcl
/softwares/Common/synopsys/DesignVision_vD-2010.03-SP2/auxx/gui/common/dialogs/NumberOfLevelsChooser.tcl
/softwares/Common/synopsys/DesignVision_vD-2010.03-SP2/auxx/gui/common/dialogs/WindowReuseInfo.tcl
/softwares/Common/synopsys/DesignVision_vD-2010.03-SP2/auxx/gui/common/dialogs/ReportOutputOptionInfo.tcl
/softwares/Common/synopsys/DesignVision_vD-2010.03-SP2/auxx/gui/common/setup/snpsCollections.tcl
/softwares/Common/synopsys/DesignVision_vD-2010.03-SP2/auxx/gui/common/dialogs/CompileLinkDesign.tcl
/softwares/Common/synopsys/DesignVision_vD-2010.03-SP2/auxx/gui/common/histogram/DialogEndpointSlack.tcl
/softwares/Common/synopsys/DesignVision_vD-2010.03-SP2/auxx/gui/common/histogram/DialogPathsSlack.tcl
/softwares/Common/synopsys/DesignVision_vD-2010.03-SP2/auxx/gui/common/histogram/DialogNetCapacitance.tcl
/softwares/Common/synopsys/DesignVision_vD-2010.03-SP2/auxx/gui/common/schematic/DialogPathSchematicFanInOut.tcl
/softwares/Common/synopsys/DesignVision_vD-2010.03-SP2/auxx/gui/common/schematic/DialogPathSchematicAddPaths.tcl
/softwares/Common/synopsys/DesignVision_vD-2010.03-SP2/auxx/tcllib/lib/tk8.4/tk.tcl
/softwares/Common/synopsys/DesignVision_vD-2010.03-SP2/auxx/tcllib/lib/tcl8.4/msgcat/msgcat.tcl
/softwares/Common/synopsys/DesignVision_vD-2010.03-SP2/auxx/tcllib/lib/tk8.4/button.tcl
/softwares/Common/synopsys/DesignVision_vD-2010.03-SP2/auxx/tcllib/lib/tk8.4/entry.tcl
/softwares/Common/synopsys/DesignVision_vD-2010.03-SP2/auxx/tcllib/lib/tk8.4/listbox.tcl
/softwares/Common/synopsys/DesignVision_vD-2010.03-SP2/auxx/tcllib/lib/tk8.4/menu.tcl
/softwares/Common/synopsys/DesignVision_vD-2010.03-SP2/auxx/tcllib/lib/tk8.4/panedwindow.tcl
/softwares/Common/synopsys/DesignVision_vD-2010.03-SP2/auxx/tcllib/lib/tk8.4/scale.tcl
/softwares/Common/synopsys/DesignVision_vD-2010.03-SP2/auxx/tcllib/lib/tk8.4/scrlbar.tcl
/softwares/Common/synopsys/DesignVision_vD-2010.03-SP2/auxx/tcllib/lib/tk8.4/spinbox.tcl
/softwares/Common/synopsys/DesignVision_vD-2010.03-SP2/auxx/tcllib/lib/tk8.4/text.tcl
/softwares/Common/synopsys/DesignVision_vD-2010.03-SP2/auxx/tcllib/lib/tix8.1.4/Init.tcl
/softwares/Common/synopsys/DesignVision_vD-2010.03-SP2/auxx/tcllib/lib/tix8.1.4/Version.tcl
/softwares/Common/synopsys/DesignVision_vD-2010.03-SP2/auxx/tcllib/lib/tix8.1.4/UnixFile.tcl
/softwares/Common/synopsys/DesignVision_vD-2010.03-SP2/auxx/tcllib/lib/tix8.1.4/Tix.tcl
/softwares/Common/synopsys/DesignVision_vD-2010.03-SP2/auxx/tcllib/lib/tix8.1.4/fs.tcl
/softwares/Common/synopsys/DesignVision_vD-2010.03-SP2/auxx/tcllib/lib/tix8.1.4/pref/WmDefault.fsc
/softwares/Common/synopsys/DesignVision_vD-2010.03-SP2/auxx/tcllib/lib/tix8.1.4/pref/pkgIndex.tcl
/softwares/Common/synopsys/DesignVision_vD-2010.03-SP2/auxx/gui/syn/layout/pkgIndex.tcl
/softwares/Common/synopsys/DesignVision_vD-2010.03-SP2/auxx/gui/common/docBrowser/pkgIndex.tcl
/softwares/Common/synopsys/DesignVision_vD-2010.03-SP2/auxx/gui/common/menus/pkgIndex.tcl
/softwares/Common/synopsys/DesignVision_vD-2010.03-SP2/auxx/gui/common/histogram/pkgIndex.tcl
/softwares/Common/synopsys/DesignVision_vD-2010.03-SP2/auxx/gui/common/opdlg/pkgIndex.tcl
/softwares/Common/synopsys/DesignVision_vD-2010.03-SP2/auxx/gui/common/hierarchy/pkgIndex.tcl
/softwares/Common/synopsys/DesignVision_vD-2010.03-SP2/auxx/gui/common/select/pkgIndex.tcl
/softwares/Common/synopsys/DesignVision_vD-2010.03-SP2/auxx/gui/common/dialogs/pkgIndex.tcl
/softwares/Common/synopsys/DesignVision_vD-2010.03-SP2/auxx/gui/common/tcl-dp/pkgIndex.tcl
/softwares/Common/synopsys/DesignVision_vD-2010.03-SP2/auxx/gui/common/regressionToolkit/pkgIndex.tcl
/softwares/Common/synopsys/DesignVision_vD-2010.03-SP2/auxx/gui/common/view/pkgIndex.tcl
/softwares/Common/synopsys/DesignVision_vD-2010.03-SP2/auxx/gui/common/WindowFrameWork/pkgIndex.tcl
/softwares/Common/synopsys/DesignVision_vD-2010.03-SP2/auxx/gui/common/profiler/pkgIndex.tcl
/softwares/Common/synopsys/DesignVision_vD-2010.03-SP2/auxx/gui/common/libviewer/pkgIndex.tcl
/softwares/Common/synopsys/DesignVision_vD-2010.03-SP2/auxx/gui/common/highlight/pkgIndex.tcl
/softwares/Common/synopsys/DesignVision_vD-2010.03-SP2/auxx/gui/common/misc/pkgIndex.tcl
/softwares/Common/synopsys/DesignVision_vD-2010.03-SP2/auxx/gui/common/schematic/pkgIndex.tcl
/softwares/Common/synopsys/DesignVision_vD-2010.03-SP2/auxx/gui/common/qtcl/pkgIndex.tcl
/softwares/Common/synopsys/DesignVision_vD-2010.03-SP2/auxx/gui/common/strokes/pkgIndex.tcl
/softwares/Common/synopsys/DesignVision_vD-2010.03-SP2/auxx/gui/common/layout/pkgIndex.tcl
/softwares/Common/synopsys/DesignVision_vD-2010.03-SP2/auxx/gui/common/pathinspector/pkgIndex.tcl
/softwares/Common/synopsys/DesignVision_vD-2010.03-SP2/auxx/gui/common/fanoutviewer/pkgIndex.tcl
/softwares/Common/synopsys/DesignVision_vD-2010.03-SP2/auxx/gui/common/setup/pkgIndex.tcl
/softwares/Common/synopsys/DesignVision_vD-2010.03-SP2/auxx/gui/common/table/pkgIndex.tcl
/softwares/Common/synopsys/DesignVision_vD-2010.03-SP2/auxx/tcllib/snps_tcl/snpsTest/pkgIndex.tcl
/softwares/Common/synopsys/DesignVision_vD-2010.03-SP2/auxx/tcllib/snps_tcl/snpsTclPro/pkgIndex.tcl
/softwares/Common/synopsys/DesignVision_vD-2010.03-SP2/auxx/tcllib/snps_tcl/snpsUtils/pkgIndex.tcl
/softwares/Common/synopsys/DesignVision_vD-2010.03-SP2/auxx/tcllib/lib/tcl8.4/tcltest/pkgIndex.tcl
/softwares/Common/synopsys/DesignVision_vD-2010.03-SP2/auxx/tcllib/lib/tcl8.4/dde/pkgIndex.tcl
/softwares/Common/synopsys/DesignVision_vD-2010.03-SP2/auxx/tcllib/lib/tcl8.4/reg/pkgIndex.tcl
/softwares/Common/synopsys/DesignVision_vD-2010.03-SP2/auxx/tcllib/lib/tcl8.4/opt/pkgIndex.tcl
/softwares/Common/synopsys/DesignVision_vD-2010.03-SP2/auxx/tcllib/lib/tcl8.4/msgcat/pkgIndex.tcl
/softwares/Common/synopsys/DesignVision_vD-2010.03-SP2/auxx/tcllib/lib/tcl8.4/http1.0/pkgIndex.tcl
/softwares/Common/synopsys/DesignVision_vD-2010.03-SP2/auxx/tcllib/lib/tcl8.4/http/pkgIndex.tcl
/softwares/Common/synopsys/DesignVision_vD-2010.03-SP2/auxx/tcllib/lib/tix8.1.4/pref/WmDefault.tcl
/softwares/Common/synopsys/DesignVision_vD-2010.03-SP2/auxx/tcllib/lib/tix8.1.4/pref/WmDefault.csc
/softwares/Common/synopsys/DesignVision_vD-2010.03-SP2/auxx/tcllib/lib/tix8.1.4/HList.tcl
/softwares/Common/synopsys/DesignVision_vD-2010.03-SP2/auxx/tcllib/lib/tk8.4/unsupported.tcl
/softwares/Common/synopsys/DesignVision_vD-2010.03-SP2/auxx/tcllib/lib/tix8.1.4/Event.tcl
/softwares/Common/synopsys/DesignVision_vD-2010.03-SP2/auxx/tcllib/lib/tix8.1.4/TList.tcl
/softwares/Common/synopsys/DesignVision_vD-2010.03-SP2/auxx/tcllib/lib/tix8.1.4/Grid.tcl
/softwares/Common/synopsys/DesignVision_vD-2010.03-SP2/auxx/tcllib/lib/tix8.1.4/ComboBox.tcl
/softwares/Common/synopsys/DesignVision_vD-2010.03-SP2/auxx/tcllib/lib/tix8.1.4/LabWidg.tcl
/softwares/Common/synopsys/DesignVision_vD-2010.03-SP2/auxx/tcllib/lib/tix8.1.4/Primitiv.tcl
/softwares/Common/synopsys/DesignVision_vD-2010.03-SP2/auxx/tcllib/lib/tix8.1.4/Control.tcl
/softwares/Common/synopsys/DesignVision_vD-2010.03-SP2/auxx/tcllib/lib/tix8.1.4/FloatEnt.tcl
/softwares/Common/synopsys/DesignVision_vD-2010.03-SP2/auxx/tcllib/lib/tix8.1.4/LabEntry.tcl
/softwares/Common/synopsys/DesignVision_vD-2010.03-SP2/auxx/tcllib/lib/tix8.1.4/SGrid.tcl
/softwares/Common/synopsys/DesignVision_vD-2010.03-SP2/auxx/tcllib/lib/tix8.1.4/SWidget.tcl
/softwares/Common/synopsys/DesignVision_vD-2010.03-SP2/auxx/tcllib/lib/tix8.1.4/SListBox.tcl
/softwares/Common/synopsys/DesignVision_vD-2010.03-SP2/auxx/gui/common/histogram/base.tcl
/softwares/Common/synopsys/DesignVision_vD-2010.03-SP2/auxx/gui/common/profiler/base.tcl
/softwares/Common/synopsys/DesignVision_vD-2010.03-SP2/auxx/gui/common/schematic/base.tcl
/softwares/Common/synopsys/DesignVision_vD-2010.03-SP2/auxx/gui/common/select/baseInternal.tcl
/softwares/Common/synopsys/DesignVision_vD-2010.03-SP2/auxx/gui/common/schematic/enable.tcl
/softwares/Common/synopsys/DesignVision_vD-2010.03-SP2/auxx/gui/common/schematic/netlist.tcl
/softwares/Common/synopsys/DesignVision_vD-2010.03-SP2/auxx/gui/common/schematic/method.tcl
/softwares/Common/synopsys/DesignVision_vD-2010.03-SP2/auxx/gui/common/misc/createViewType.tcl
/softwares/Common/synopsys/DesignVision_vD-2010.03-SP2/auxx/gui/common/menus/base.tcl
/softwares/Common/synopsys/DesignVision_vD-2010.03-SP2/auxx/gui/common/libviewer/base.tcl
/softwares/Common/synopsys/DesignVision_vD-2010.03-SP2/auxx/gui/common/misc/viewmgr.tcl
/softwares/Common/synopsys/DesignVision_vD-2010.03-SP2/auxx/gui/common/pathinspector/base.tcl
/softwares/Common/synopsys/DesignVision_vD-2010.03-SP2/auxx/gui/common/pathinspector/create_window_and_menu.tcl
/softwares/Common/synopsys/DesignVision_vD-2010.03-SP2/auxx/gui/common/misc/infotip.tcl
/softwares/Common/synopsys/DesignVision_vD-2010.03-SP2/auxx/gui/common/misc/viewporthistory.tcl
/home/grads/c/chandrahas996/ECEN468/lab11/src/Arbiter.v
/home/grads/c/chandrahas996/ECEN468/lab11/src/virtSRAM.v
/home/grads/c/chandrahas996/ECEN468/lab11/src/UART_XMTR.v
/home/grads/c/chandrahas996/ECEN468/lab11/src/Control_Unit.v
/home/grads/c/chandrahas996/ECEN468/lab11/src/Datapath_Unit.v
/home/grads/c/chandrahas996/ECEN468/lab11/src/CannyEdge.v
/home/grads/c/chandrahas996/ECEN468/lab11/src/WRAP_SRAM.v
/home/grads/c/chandrahas996/ECEN468/lab11/src/WRAP_UART.v
/home/grads/c/chandrahas996/ECEN468/lab11/src/WRAP_CANNY.v
/home/grads/c/chandrahas996/ECEN468/lab11/src/systemtop.v
/home/grads/c/chandrahas996/ECEN468/lab11/src/osu018_stdcells.db
/softwares/Common/synopsys/DesignVision_vD-2010.03-SP2/libraries/syn/gtech.db
/softwares/Common/synopsys/DesignVision_vD-2010.03-SP2/libraries/syn/standard.sldb
/home/grads/c/chandrahas996/synopsys_cache_D-2010.03-SP2/DW01/DW01_MUX/str/osu018_stdcells_2488_8167_6494/element.ddc
/home/grads/c/chandrahas996/synopsys_cache_D-2010.03-SP2/DW01/DW01_mmux/str/2/osu018_stdcells_2488_8167_6494/element.ddc
/home/grads/c/chandrahas996/synopsys_cache_D-2010.03-SP2/DW01/DW01_mmux/str/3/osu018_stdcells_2488_8167_6494/element.ddc
/home/grads/c/chandrahas996/synopsys_cache_D-2010.03-SP2/DW01/DW01_mmux/str/4/osu018_stdcells_2488_8167_6494/element.ddc
/home/grads/c/chandrahas996/synopsys_cache_D-2010.03-SP2/DW01/DW01_mmux/str/5/osu018_stdcells_2488_8167_6494/element.ddc
/home/grads/c/chandrahas996/synopsys_cache_D-2010.03-SP2/DW01/DW01_NOT/str/osu018_stdcells_2488_8167_6494/element.ddc
/home/grads/c/chandrahas996/synopsys_cache_D-2010.03-SP2/DW02/DW02_mult/csa/3/3/osu018_stdcells_2488_8167_6494/element.ddc
/home/grads/c/chandrahas996/synopsys_cache_D-2010.03-SP2/DW01/DW01_add/rpl/7/osu018_stdcells_2488_8167_6494/element.ddc
/home/grads/c/chandrahas996/synopsys_cache_D-2010.03-SP2/DW01/DW01_add/cla/7/osu018_stdcells_2488_8167_6494/element.ddc
/home/grads/c/chandrahas996/synopsys_cache_D-2010.03-SP2/DW01/DW01_add/rpl/5/osu018_stdcells_2488_8167_6494/element.ddc
/home/grads/c/chandrahas996/synopsys_cache_D-2010.03-SP2/DW01/DW01_add/cla/5/osu018_stdcells_2488_8167_6494/element.ddc
/home/grads/c/chandrahas996/synopsys_cache_D-2010.03-SP2/DW02/DW02_mult/csa/8/8/osu018_stdcells_2488_8167_6494/element.ddc
/home/grads/c/chandrahas996/synopsys_cache_D-2010.03-SP2/DW01/DW01_add/rpl/15/osu018_stdcells_2488_8167_6494/element.ddc
/home/grads/c/chandrahas996/synopsys_cache_D-2010.03-SP2/DW01/DW01_add/cla/15/osu018_stdcells_2488_8167_6494/element.ddc
/home/grads/c/chandrahas996/synopsys_cache_D-2010.03-SP2/DW02/DW02_mult/csa/8/32/osu018_stdcells_2488_8167_6494/element.ddc
/home/grads/c/chandrahas996/synopsys_cache_D-2010.03-SP2/DW01/DW01_add/rpl/32/osu018_stdcells_2488_8167_6494/element.ddc
/home/grads/c/chandrahas996/synopsys_cache_D-2010.03-SP2/DW01/DW01_add/cla/32/osu018_stdcells_2488_8167_6494/element.ddc
/home/grads/c/chandrahas996/synopsys_cache_D-2010.03-SP2/DW01/DW01_add/rpl/10/osu018_stdcells_2488_8167_6494/element.ddc
/home/grads/c/chandrahas996/synopsys_cache_D-2010.03-SP2/DW01/DW01_add/cla/10/osu018_stdcells_2488_8167_6494/element.ddc
/home/grads/c/chandrahas996/synopsys_cache_D-2010.03-SP2/DW01/DW01_add/rpl/11/osu018_stdcells_2488_8167_6494/element.ddc
/home/grads/c/chandrahas996/synopsys_cache_D-2010.03-SP2/DW01/DW01_add/cla/11/osu018_stdcells_2488_8167_6494/element.ddc
/home/grads/c/chandrahas996/synopsys_cache_D-2010.03-SP2/DW01/DW01_cmp2/rpl/32/osu018_stdcells_2488_8167_6494/element.ddc
/home/grads/c/chandrahas996/synopsys_cache_D-2010.03-SP2/DW01/DW01_sub/rpl/11/osu018_stdcells_2488_8167_6494/element.ddc
/home/grads/c/chandrahas996/synopsys_cache_D-2010.03-SP2/DW01/DW01_sub/cla/11/osu018_stdcells_2488_8167_6494/element.ddc
/home/grads/c/chandrahas996/synopsys_cache_D-2010.03-SP2/DW01/DW01_sub/rpl/32/osu018_stdcells_2488_8167_6494/element.ddc
/home/grads/c/chandrahas996/synopsys_cache_D-2010.03-SP2/DW01/DW01_sub/cla/32/osu018_stdcells_2488_8167_6494/element.ddc
/home/grads/c/chandrahas996/synopsys_cache_D-2010.03-SP2/DW02/DW02_mult/csa/4/32/osu018_stdcells_2488_8167_6494/element.ddc
/home/grads/c/chandrahas996/synopsys_cache_D-2010.03-SP2/DW02/DW02_mult/csa/4/2/osu018_stdcells_2488_8167_6494/element.ddc
/home/grads/c/chandrahas996/synopsys_cache_D-2010.03-SP2/DW01/DW01_sub/rpl/5/osu018_stdcells_2488_8167_6494/element.ddc
/home/grads/c/chandrahas996/synopsys_cache_D-2010.03-SP2/DW01/DW01_sub/cla/5/osu018_stdcells_2488_8167_6494/element.ddc
/home/grads/c/chandrahas996/synopsys_cache_D-2010.03-SP2/DW01/DW01_cmp2/rpl/8/osu018_stdcells_2488_8167_6494/element.ddc
/home/grads/c/chandrahas996/synopsys_cache_D-2010.03-SP2/DW01/DW01_sub/rpl/7/osu018_stdcells_2488_8167_6494/element.ddc
/home/grads/c/chandrahas996/synopsys_cache_D-2010.03-SP2/DW01/DW01_sub/cla/7/osu018_stdcells_2488_8167_6494/element.ddc
/home/grads/c/chandrahas996/synopsys_cache_D-2010.03-SP2/DW01/DW01_cmp6/rpl/32/osu018_stdcells_2488_8167_6494/element.ddc
/home/grads/c/chandrahas996/synopsys_cache_D-2010.03-SP2/DW01/DW01_cmp6/rpl/8/osu018_stdcells_2488_8167_6494/element.ddc
/home/grads/c/chandrahas996/synopsys_cache_D-2010.03-SP2/DW02/DW02_mult/csa/4/3/osu018_stdcells_2488_8167_6494/element.ddc
/home/grads/c/chandrahas996/synopsys_cache_D-2010.03-SP2/DW02/DW02_mult/csa/32/8/osu018_stdcells_2488_8167_6494/element.ddc
/home/grads/c/chandrahas996/synopsys_cache_D-2010.03-SP2/DW02/DW02_mult/csa/32/32/osu018_stdcells_2488_8167_6494/element.ddc
/home/grads/c/chandrahas996/synopsys_cache_D-2010.03-SP2/DW01/DW01_addsub/rpl/32/osu018_stdcells_2488_8167_6494/element.ddc
/home/grads/c/chandrahas996/synopsys_cache_D-2010.03-SP2/DW01/DW01_addsub/cla/32/osu018_stdcells_2488_8167_6494/element.ddc
/home/grads/c/chandrahas996/synopsys_cache_D-2010.03-SP2/DW01/DW01_addsub/rpl/11/osu018_stdcells_2488_8167_6494/element.ddc
/home/grads/c/chandrahas996/synopsys_cache_D-2010.03-SP2/DW01/DW01_addsub/cla/11/osu018_stdcells_2488_8167_6494/element.ddc
/home/grads/c/chandrahas996/synopsys_cache_D-2010.03-SP2/DW01/DW01_addsub/rpl/5/osu018_stdcells_2488_8167_6494/element.ddc
/home/grads/c/chandrahas996/synopsys_cache_D-2010.03-SP2/DW01/DW01_addsub/cla/5/osu018_stdcells_2488_8167_6494/element.ddc
/home/grads/c/chandrahas996/synopsys_cache_D-2010.03-SP2/DW01/DW01_addsub/rpl/10/osu018_stdcells_2488_8167_6494/element.ddc
/home/grads/c/chandrahas996/synopsys_cache_D-2010.03-SP2/DW01/DW01_addsub/cla/10/osu018_stdcells_2488_8167_6494/element.ddc
/home/grads/c/chandrahas996/synopsys_cache_D-2010.03-SP2/DW01/DW01_addsub/rpl/7/osu018_stdcells_2488_8167_6494/element.ddc
/home/grads/c/chandrahas996/synopsys_cache_D-2010.03-SP2/DW01/DW01_addsub/cla/7/osu018_stdcells_2488_8167_6494/element.ddc
/home/grads/c/chandrahas996/synopsys_cache_D-2010.03-SP2/DW01/DW01_addsub/rpl/15/osu018_stdcells_2488_8167_6494/element.ddc
/home/grads/c/chandrahas996/synopsys_cache_D-2010.03-SP2/DW01/DW01_addsub/cla/15/osu018_stdcells_2488_8167_6494/element.ddc
/home/grads/c/chandrahas996/synopsys_cache_D-2010.03-SP2/DW01/DW01_cmp2/rpl/4/osu018_stdcells_2488_8167_6494/element.ddc
/home/grads/c/chandrahas996/synopsys_cache_D-2010.03-SP2/DW01/DW01_inc/rpl/4/osu018_stdcells_2488_8167_6494/element.ddc
/home/grads/c/chandrahas996/synopsys_cache_D-2010.03-SP2/DW01/DW01_cmp6/rpl/4/osu018_stdcells_2488_8167_6494/element.ddc
/home/grads/c/chandrahas996/synopsys_cache_D-2010.03-SP2/DW01/DW01_add/rpl/4/osu018_stdcells_2488_8167_6494/element.ddc
/home/grads/c/chandrahas996/synopsys_cache_D-2010.03-SP2/DW01/DW01_add/cla/4/osu018_stdcells_2488_8167_6494/element.ddc
/home/grads/c/chandrahas996/synopsys_cache_D-2010.03-SP2/DW01/DW01_incdec/rpl/4/osu018_stdcells_2488_8167_6494/element.ddc
/home/grads/c/chandrahas996/synopsys_cache_D-2010.03-SP2/DW01/DW01_inc/rpl/4/osu018_stdcells_2488/element.ddc
/home/grads/c/chandrahas996/synopsys_cache_D-2010.03-SP2/DW01/DW01_cmp2/rpl/4/osu018_stdcells_2488/element.ddc
/home/grads/c/chandrahas996/synopsys_cache_D-2010.03-SP2/DW01/DW01_addsub/rpl/5/osu018_stdcells_2488/element.ddc
/home/grads/c/chandrahas996/synopsys_cache_D-2010.03-SP2/DW01/DW01_addsub/rpl/32/osu018_stdcells_2488/element.ddc
/home/grads/c/chandrahas996/synopsys_cache_D-2010.03-SP2/DW01/DW01_addsub/rpl/7/osu018_stdcells_2488/element.ddc
/home/grads/c/chandrahas996/synopsys_cache_D-2010.03-SP2/DW01/DW01_addsub/rpl/15/osu018_stdcells_2488/element.ddc
/home/grads/c/chandrahas996/synopsys_cache_D-2010.03-SP2/DW01/DW01_add/rpl/15/osu018_stdcells_2488/element.ddc
/home/grads/c/chandrahas996/synopsys_cache_D-2010.03-SP2/DW01/DW01_add/rpl/32/osu018_stdcells_2488/element.ddc
/home/grads/c/chandrahas996/synopsys_cache_D-2010.03-SP2/DW01/DW01_add/rpl/10/osu018_stdcells_2488/element.ddc
/home/grads/c/chandrahas996/synopsys_cache_D-2010.03-SP2/DW01/DW01_addsub/rpl/11/osu018_stdcells_2488/element.ddc
/home/grads/c/chandrahas996/synopsys_cache_D-2010.03-SP2/DW01/DW01_cmp2/rpl/32/osu018_stdcells_2488/element.ddc
/home/grads/c/chandrahas996/synopsys_cache_D-2010.03-SP2/DW02/DW02_mult/csa/8/8/osu018_stdcells_2488/element.ddc
/home/grads/c/chandrahas996/synopsys_cache_D-2010.03-SP2/DW01/DW01_add/cla/14/osu018_stdcells_2488_8167_6494/element.ddc
/home/grads/c/chandrahas996/synopsys_cache_D-2010.03-SP2/DW01/DW01_add/cla/14/osu018_stdcells_2488/element.ddc
/home/grads/c/chandrahas996/synopsys_cache_D-2010.03-SP2/DW02/DW02_mult/csa/32/8/osu018_stdcells_2488/element.ddc
/home/grads/c/chandrahas996/synopsys_cache_D-2010.03-SP2/DW01/DW01_add/cla/38/osu018_stdcells_2488_8167_6494/element.ddc
/home/grads/c/chandrahas996/synopsys_cache_D-2010.03-SP2/DW01/DW01_add/cla/38/osu018_stdcells_2488/element.ddc
/home/grads/c/chandrahas996/synopsys_cache_D-2010.03-SP2/DW02/DW02_mult/csa/8/32/osu018_stdcells_2488/element.ddc
/home/grads/c/chandrahas996/synopsys_cache_D-2010.03-SP2/DW01/DW01_add/rpl/5/osu018_stdcells_2488/element.ddc
/home/grads/c/chandrahas996/ECEN468/lab11/src/osu018_stdcells.db
/home/grads/c/chandrahas996/ECEN468/lab11/src/osu018_stdcells.db
