### CustomExplorer log file, revision E-2011.03-1 (build 1103) ###
### created at 17:26:45 on Thu Feb  8 2018 (Linux AMD64) ###
wv_start_log
# (0) running in waveview only mode
# (0) HOME defined
wv_move_window CustomWaveView 0 0
wv_resize_window CustomWaveView 800 400
wv_move_window CustomWaveView 0 31
wv_resize_window CustomWaveView 1680 951
sx_open_sim_file_read {wave.vcd}
wv_resize_window CustomWaveView 800 400
wv_resize_window CustomWaveView 1680 951
wv_move_window CustomWaveView -10 20
wv_expand_hierview_item {FILE0:D0:wave.vcd}
wv_select_hierview_item {FILE0:D0:wave.vcd} {SystemC}
wv_select_sigview_item Load_XMT_datareg
wv_drag_sigview_item T_byte
wv_drag_enter WV1
wv_drop_on WV1
wv_select_panel WV1.PANEL1:1 4.706e-08 -inf
wv_select_panel WV1.PANEL4:1 1.65138e-08 inf
wv_select_wv_item WV1.PANEL4:1.LEGEND
wv_select_panel WV1.PANEL4:1.LEGEND
wv_select_wv_item WV1.PANEL1:1.LEGEND
wv_drag_item_to WV1 70 56
wv_drag_enter WV1
wv_drag_to WV1 85 59
wv_drop_on WV1
wv_drag_item_to WV1 85 59
wv_select_wv_item WV1.LEGEND.WIDTH
wv_drag_item_to WV1 84 120
wv_move_wv_item WV1.PANEL1:1.LEGEND.WIDTH 388
wv_select_panel WV1.PANEL4:1 3.96479e-08 -nan
wv_select_panel WV1.PANEL5:1 4.06733e-08 inf
wv_select_menu_item {File} {Update Waveform Files}
wv_move_dialog ReloadFiles 587 446
wv_select_dialog ReloadFiles
wv_press_button ReloadFiles.YesAll
wv_select_hierview_item {FILE0:D0:wave.vcd} {SystemC}
wv_release_wv_item WV1 120 328
wv_select_panel WV1.PANEL1:1 4.85346e-08 -inf
wv_select_panel WV1.PANEL1:1 2.68877e-08 -inf
wv_drag_item_to WV1 668 436
wv_zoom_x WV1.PANEL1:1 2.68877e-08 1.26463e-08
wv_press_key Right
wv_press_key Right
wv_press_key Right
wv_press_key Right
wv_press_key Right
wv_press_key Right
wv_press_key Right
wv_press_key Right
wv_press_key Right
wv_press_key Right
wv_press_key Left
wv_close_window CustomWaveView
wv_move_dialog Confirmation 743 454
wv_select_dialog Confirmation
wv_press_button Confirmation.Cancel
wv_select_toolbar_item {Save Session}
wv_select_dialog FileDialog
wv_set_text FileDialog.FileName {}
wv_close_dialog FileDialog
wv_select_menu_item {WaveView} {Dump Screen}
wv_move_dialog SaveScreenDump 622 413
wv_select_dialog SaveScreenDump
wv_set_check SaveScreenDump.ExcludeWVHeaderFooterArea 1
wv_set_check SaveScreenDump.ExcludeWVHeaderFooterArea 0
wv_set_check SaveScreenDump.ExcludeWVHeaderFooterArea 1
wv_set_check SaveScreenDump.ExcludeWVHeaderFooterArea 0
wv_set_text SaveScreenDump.SaveToFile {lab2_wa}
wv_press_button SaveScreenDump.SaveToFileBrowse
wv_move_dialog FileDialog 10 38
wv_select_dialog FileDialog
wv_set_text FileDialog.FileName {}
wv_close_dialog FileDialog
wv_select_dialog SaveScreenDump
wv_set_text SaveScreenDump.SaveToFile {lab2_waverform}
wv_press_button SaveScreenDump.Save
#screen dump generated
wv_close_window CustomWaveView
wv_move_dialog Confirmation 743 454
wv_select_dialog Confirmation
# wv_press_button Confirmation.Ok
