

08/03/2018 10:33:51
*****************************************************************************************


************************************************************
                                                            
      Copyright Mentor Graphics Corporation 2006 - 2011     
                  All Rights Reserved                       
                                                            
       THIS WORK CONTAINS TRADE SECRET AND PROPRIETARY      
         INFORMATION WHICH IS THE PROPERTY OF MENTOR        
         GRAPHICS CORPORATION OR ITS LICENSORS AND IS       
                 SUBJECT TO LICENSE TERMS.                  
                                                            
************************************************************




08/03/2018 12:32:19
*****************************************************************************************


************************************************************
                                                            
      Copyright Mentor Graphics Corporation 2006 - 2011     
                  All Rights Reserved                       
                                                            
       THIS WORK CONTAINS TRADE SECRET AND PROPRIETARY      
         INFORMATION WHICH IS THE PROPERTY OF MENTOR        
         GRAPHICS CORPORATION OR ITS LICENSORS AND IS       
                 SUBJECT TO LICENSE TERMS.                  
                                                            
************************************************************




08/03/2018 18:34:47
*****************************************************************************************


************************************************************
                                                            
      Copyright Mentor Graphics Corporation 2006 - 2011     
                  All Rights Reserved                       
                                                            
       THIS WORK CONTAINS TRADE SECRET AND PROPRIETARY      
         INFORMATION WHICH IS THE PROPERTY OF MENTOR        
         GRAPHICS CORPORATION OR ITS LICENSORS AND IS       
                 SUBJECT TO LICENSE TERMS.                  
                                                            
************************************************************


