### CustomExplorer log file, revision E-2011.03-1 (build 1103) ###
### created at 19:03:35 on Thu Feb 15 2018 (Linux AMD64) ###
wv_start_log
# (0) running in waveview only mode
# (0) HOME defined
wv_move_window CustomWaveView 0 0
wv_resize_window CustomWaveView 800 400
wv_move_window CustomWaveView 0 31
wv_resize_window CustomWaveView 1680 951
sx_open_sim_file_read {wave.vcd}
wv_resize_window CustomWaveView 800 400
wv_resize_window CustomWaveView 1680 951
wv_move_window CustomWaveView -10 20
wv_expand_hierview_item {FILE0:D0:wave.vcd}
wv_select_hierview_item {FILE0:D0:wave.vcd} {SystemC}
wv_select_sigview_item {AddressBus[31:0]}
wv_drag_sigview_item BGNT0
wv_drag_enter WV1
wv_drop_on WV1
wv_select_wv_item WV1.PANEL2:1.LEGEND
wv_drag_item_to WV1 66 84
wv_drag_enter WV1
wv_drag_to WV1 72 88
wv_drop_on WV1
wv_drag_item_to WV1 72 88
wv_select_wv_item WV1.LEGEND.WIDTH
wv_drag_item_to WV1 81 136
wv_move_wv_item WV1.PANEL1:1.LEGEND.WIDTH 111
wv_select_wv_item WV1.LEGEND.WIDTH
wv_drag_item_to WV1 111 138
wv_move_wv_item WV1.PANEL1:1.LEGEND.WIDTH 298
wv_select_menu_item {WaveView} {Dump Screen}
wv_move_dialog SaveScreenDump 622 413
wv_select_dialog SaveScreenDump
wv_set_check SaveScreenDump.ExcludeWVHeaderFooterArea 1
wv_set_check SaveScreenDump.ExcludeWVHeaderFooterArea 0
wv_press_button SaveScreenDump.SaveToFileBrowse
wv_select_dialog FileDialog
wv_set_text FileDialog.FileName {}
wv_close_dialog FileDialog
wv_select_dialog SaveScreenDump
wv_set_text SaveScreenDump.SaveToFile {lab3_wave_dump}
wv_press_button SaveScreenDump.Save
#screen dump generated
wv_close_window CustomWaveView
wv_move_dialog Confirmation 743 454
