### CustomExplorer log file, revision E-2011.03-1 (build 1103) ###
### created at 19:16:29 on Thu Apr  5 2018 (Linux AMD64) ###
wv_start_log
# (0) running in waveview only mode
# (0) HOME defined
wv_move_window CustomWaveView 0 0
wv_resize_window CustomWaveView 800 400
wv_move_window CustomWaveView 0 31
wv_resize_window CustomWaveView 1680 951
wv_resize_window CustomWaveView 800 400
wv_resize_window CustomWaveView 1680 951
sx_open_sim_file_read {wave_gate.dump}
wv_move_window CustomWaveView -10 20
wv_expand_hierview_item {FILE0:D0:wave_gate.dump}
wv_select_hierview_item {FILE0:D0:wave_gate.dump} {stimulus}
wv_select_sigview_item {AddrBus[31:0]}
wv_drag_sigview_item {AddrBus[31:0]}
wv_drag_enter WV1
wv_drop_on WV1
wv_select_wv_item WV1.LEGEND.WIDTH
wv_drag_item_to WV1 85 400
wv_move_wv_item WV1.PANEL1:1.LEGEND.WIDTH 488
wv_press_key Ctrl_A
wv_select_wv_item WV1.PANEL1:1.LEGEND
wv_select_panel WV1.PANEL1:1.LEGEND
wv_press_key Ctrl_A
wv_shift_select_panel WV1.PANEL9:1.LEGEND
wv_release_wv_item WV1 250 243
wv_waveview_context_menu WV1.PANEL9:1.LINE1
wv_select_context_menu_item {Signal Name} {Signal Name Only}
wv_select_wv_item WV1.LEGEND.WIDTH
wv_drag_item_to WV1 490 429
wv_move_wv_item WV1.PANEL1:1.LEGEND.WIDTH 231
wv_select_panel WV1.PANEL1:1 4.34746e-07 -inf
wv_release_wv_item WV1 170 451
wv_release_wv_item WV1 152 457
wv_select_menu_item {WaveView} {Dump Screen}
wv_move_dialog SaveScreenDump 622 413
wv_select_dialog SaveScreenDump
wv_set_text SaveScreenDump.SaveToFile {2}
wv_press_button SaveScreenDump.Save
#screen dump generated
wv_close_window CustomWaveView
wv_move_dialog Confirmation 743 454
wv_select_dialog Confirmation
# wv_press_button Confirmation.Ok
