### CustomExplorer log file, revision E-2011.03-1 (build 1103) ###
### created at 20:25:08 on Thu Mar 29 2018 (Linux AMD64) ###
wv_start_log
# (0) running in waveview only mode
# (0) HOME defined
wv_move_window CustomWaveView 0 0
wv_resize_window CustomWaveView 800 400
wv_move_window CustomWaveView 0 31
wv_resize_window CustomWaveView 1680 951
wv_resize_window CustomWaveView 800 400
sx_open_sim_file_read {wave_gate.dump}
wv_resize_window CustomWaveView 1680 951
wv_resize_window CustomWaveView 800 400
wv_expand_hierview_item {FILE0:D0:wave_gate.dump}
wv_select_hierview_item {FILE0:D0:wave_gate.dump} {stimulus}
wv_select_sigview_item {Data_Bus[7:0]}
wv_drag_sigview_item {Data_Bus[7:0]}
wv_drag_enter WV1
wv_drop_on WV1
wv_resize_window CustomWaveView 1680 951
wv_select_menu_item {WaveView} {Dump Screen}
wv_move_dialog SaveScreenDump 622 413
wv_select_dialog SaveScreenDump
wv_set_text SaveScreenDump.SaveToFile {2}
wv_press_button SaveScreenDump.Save
#screen dump generated
wv_close_window CustomWaveView
wv_move_dialog Confirmation 743 454
wv_select_dialog Confirmation
# wv_press_button Confirmation.Ok
