### CustomExplorer log file, revision E-2011.03-1 (build 1103) ###
### created at 16:05:41 on Thu Feb  1 2018 (Linux AMD64) ###
wv_start_log
# (0) running in waveview only mode
# (0) HOME defined
wv_move_window CustomWaveView 0 0
wv_resize_window CustomWaveView 800 400
wv_move_window CustomWaveView 496 221
wv_resize_window CustomWaveView 1680 951
sx_open_sim_file_read {VCD_RAM.vcd}
wv_resize_window CustomWaveView 800 400
wv_resize_window CustomWaveView 1680 951
wv_move_window CustomWaveView -10 20
wv_expand_hierview_item {FILE0:D0:VCD_RAM.vcd}
wv_select_hierview_item {FILE0:D0:VCD_RAM.vcd} {SystemC}
wv_select_sigview_item {strAddr[17:0]}
wv_select_sigview_item {strInData[7:0]}
wv_ctrl_select_sigview_item {strAddr[17:0]}
wv_ctrl_select_sigview_item {strOutData[7:0]}
wv_ctrl_select_sigview_item strbCE
wv_ctrl_select_sigview_item strbWE
wv_sigview_context_menu {strOutData[7:0]}
wv_release_wv_item WV1 120 236
wv_select_sigview_item {strOutData[7:0]}
wv_select_sigview_item {strAddr[17:0]}
wv_drag_sigview_item {strAddr[17:0]}
wv_drag_enter WV1
wv_drop_on WV1
wv_select_sigview_item {strOutData[7:0]}
wv_drag_sigview_item {strOutData[7:0]}
wv_drag_enter WV1
wv_drag_to WV1 1 423
wv_drop_on WV1
wv_select_sigview_item {strInData[7:0]}
wv_drag_sigview_item {strInData[7:0]}
wv_drag_enter WV1
wv_drag_to WV1 9 413
wv_drop_on WV1
wv_select_sigview_item strbCE
wv_drag_sigview_item strbCE
wv_drag_sigview_item strbCE
wv_drag_enter WV1
wv_drag_to WV1 1 325
wv_drop_on WV1
wv_select_sigview_item strbWE
wv_drag_sigview_item strbWE
wv_drag_enter WV1
wv_drag_to WV1 7 317
wv_drop_on WV1
wv_release_wv_item WV1 38 227
wv_select_wv_item WV1.PANEL4:1.LEGEND
wv_drag_item_to WV1 64 128
wv_drag_enter WV1
wv_drag_to WV1 71 132
wv_drop_on WV1
wv_drag_item_to WV1 71 132
wv_select_wv_item WV1.LEGEND.WIDTH
wv_drag_item_to WV1 81 229
wv_move_wv_item WV1.PANEL1:1.LEGEND.WIDTH 125
wv_ctrl_select_panel WV1.PANEL1:1.LEGEND
wv_release_wv_item WV1 45 62
wv_press_key Ctrl_A
wv_select_wv_item WV1.PANEL4:1.LEGEND
wv_select_panel WV1.PANEL4:1.LEGEND
wv_select_wv_item WV1.PANEL2:1.LEGEND
wv_select_wv_item WV1.PANEL2:1.LEGEND
wv_select_panel WV1.PANEL2:1.LEGEND
wv_ctrl_select_panel WV1.PANEL3:1.LEGEND
wv_ctrl_select_panel WV1.PANEL4:1.LEGEND
wv_ctrl_select_panel WV1.PANEL5:1.LEGEND
wv_ctrl_select_panel WV1.PANEL1:1.LEGEND
wv_waveview_context_menu WV1.PANEL4:1.LEGEND
wv_select_context_menu_item {Signal Name} {Signal Name Only}
wv_release_wv_item WV1 12 252
wv_release_wv_item WV1 26 234
wv_release_wv_item WV1 58 252
wv_select_panel WV1.PANEL1:1 4.50378e-09 -inf
wv_release_wv_item WV1 322 319
wv_select_panel WV1.PANEL1:1 4.44491e-09 -inf
wv_select_panel WV1.PANEL1:1 4.38604e-09 -inf
wv_select_panel WV1.PANEL1:1 4.56266e-09 -inf
wv_drag_item_to WV1 326 332
wv_select_wv_item WV1.PANEL1:1.LEGEND
wv_drag_item_to WV1 106 53
wv_select_panel WV1.PANEL1:1.LEGEND
wv_select_wv_item WV1.PANEL2:1.LEGEND
wv_select_panel WV1.PANEL2:1.LEGEND
wv_select_wv_item WV1.PANEL1:1.LEGEND
wv_drag_item_to WV1 109 62
wv_drag_enter WV1
wv_drag_to WV1 116 64
wv_drop_on WV1
wv_drag_item_to WV1 116 64
wv_select_wv_item WV1.LEGEND.WIDTH
wv_drag_item_to WV1 124 97
wv_move_wv_item WV1.PANEL1:1.LEGEND.WIDTH 149
wv_select_panel WV1.PANEL1:1 -5.1073e-10 inf
wv_select_panel WV1.PANEL1:1 -5.70815e-10 inf
wv_select_wv_item WV1.PANEL1:1.LEGEND
wv_select_wv_item WV1.PANEL1:1.LEGEND
wv_select_wv_item WV1.PANEL1:1.LEGEND
wv_select_panel WV1.PANEL1:1.LEGEND
wv_ctrl_select_panel WV1.PANEL2:1.LEGEND
wv_ctrl_select_panel WV1.PANEL3:1.LEGEND
wv_ctrl_select_panel WV1.PANEL4:1.LEGEND
wv_ctrl_select_panel WV1.PANEL5:1.LEGEND
wv_waveview_context_menu WV1.PANEL4:1.LINE1
wv_select_context_menu_item {Radix} {Decimal}
wv_select_panel WV1.PANEL1:1 7.54077e-09 -inf
wv_select_panel WV1.PANEL1:1 7.8412e-09 -inf
wv_select_panel WV1.PANEL1:1 1.93176e-08 -inf
wv_drag_item_to WV1 839 516
wv_select_panel WV1.PANEL1:1 1.88069e-08 -inf
wv_release_wv_item WV1 126 246
wv_select_toolbar_item {Preferences}
wv_move_dialog PreferenceSettings 553 57
wv_select_dialog PreferenceSettings
wv_select_tab PreferenceSettings.Preference 1
wv_close_dialog PreferenceSettings
wv_select_menu_item {WaveView} {Dump Screen}
wv_move_dialog SaveScreenDump 622 413
wv_select_dialog SaveScreenDump
wv_set_radio SaveScreenDump.JPEG
wv_set_check SaveScreenDump.UseMaxWVHeight 1
wv_set_check SaveScreenDump.UseMaxWVHeight 0
wv_set_check SaveScreenDump.UseMaxWVHeight 1
wv_set_radio SaveScreenDump.PNG
wv_press_button SaveScreenDump.SaveToFileBrowse
wv_select_dialog FileDialog
wv_set_text FileDialog.FileName {}
wv_close_dialog FileDialog
wv_select_dialog SaveScreenDump
wv_set_text SaveScreenDump.SaveToFile {waveform_screen_dump}
wv_press_button SaveScreenDump.Save
wv_resize_window CustomWaveView 353 951
wv_move_waveview 1 0 0
wv_resize_waveview 1 700 1050
wv_resize_window CustomWaveView 425 951
wv_resize_window CustomWaveView 1680 951
#screen dump generated
wv_select_toolbar_item {Waveform Attributes}
wv_move_dialog WaveformAttributes 693 363
wv_select_dialog WaveformAttributes
wv_close_dialog WaveformAttributes
wv_select_toolbar_item {WaveView Docking}
wv_move_waveview 1 -10 20
wv_resize_waveview 1 700 951
wv_move_waveview 1 10 20
wv_move_waveview 1 47 20
wv_move_waveview 1 94 60
wv_move_waveview 1 163 85
wv_move_waveview 1 246 112
wv_move_waveview 1 319 135
wv_move_waveview 1 402 162
wv_move_waveview 1 438 173
wv_move_waveview 1 449 175
wv_move_waveview 1 450 176
wv_move_waveview 1 451 177
wv_move_waveview 1 453 177
wv_move_waveview 1 457 178
wv_move_waveview 1 459 179
wv_move_waveview 1 462 179
wv_move_waveview 1 466 180
wv_move_waveview 1 477 182
wv_move_waveview 1 488 182
wv_move_waveview 1 497 183
wv_move_waveview 1 500 183
wv_move_waveview 1 501 183
wv_move_waveview 1 511 185
wv_move_waveview 1 548 191
wv_move_waveview 1 618 202
wv_move_waveview 1 738 226
wv_move_waveview 1 853 251
wv_move_waveview 1 969 281
wv_move_waveview 1 1076 327
wv_move_waveview 1 1153 377
wv_move_waveview 1 1220 421
wv_move_waveview 1 1267 460
wv_move_waveview 1 1322 515
wv_move_waveview 1 1353 550
wv_move_waveview 1 1372 571
wv_move_waveview 1 1381 580
wv_move_waveview 1 1382 583
wv_move_waveview 1 1383 585
wv_move_waveview 1 1383 586
wv_move_waveview 1 1383 587
wv_move_waveview 1 1373 586
wv_move_waveview 1 1369 585
wv_move_waveview 1 1364 585
wv_move_waveview 1 1361 584
wv_move_waveview 1 1357 583
wv_move_waveview 1 1349 580
wv_move_waveview 1 1335 574
wv_move_waveview 1 1312 565
wv_move_waveview 1 1291 564
wv_move_waveview 1 1286 563
wv_move_waveview 1 1285 563
wv_move_waveview 1 1284 562
wv_move_waveview 1 1283 561
wv_move_waveview 1 1280 560
wv_move_waveview 1 1276 558
wv_move_waveview 1 1272 556
wv_move_waveview 1 1268 554
wv_move_waveview 1 1263 552
wv_move_waveview 1 1259 549
wv_move_waveview 1 1254 545
wv_move_waveview 1 1244 538
wv_move_waveview 1 1224 528
wv_move_waveview 1 1204 517
wv_move_waveview 1 1184 508
wv_move_waveview 1 1169 498
wv_move_waveview 1 1160 492
wv_move_waveview 1 1148 485
wv_move_waveview 1 1130 476
wv_move_waveview 1 1109 467
wv_move_waveview 1 1089 461
wv_move_waveview 1 1082 459
wv_move_waveview 1 1077 457
wv_move_waveview 1 1072 455
wv_move_waveview 1 1061 450
wv_move_waveview 1 1045 443
wv_move_waveview 1 1020 434
wv_move_waveview 1 994 424
wv_move_waveview 1 970 419
wv_move_waveview 1 950 414
wv_move_waveview 1 937 410
wv_move_waveview 1 924 406
wv_move_waveview 1 901 398
wv_move_waveview 1 875 391
wv_move_waveview 1 828 384
wv_move_waveview 1 782 378
wv_move_waveview 1 754 374
wv_move_waveview 1 733 371
wv_move_waveview 1 720 368
wv_move_waveview 1 713 366
wv_move_waveview 1 699 362
wv_move_waveview 1 681 357
wv_move_waveview 1 659 353
wv_move_waveview 1 637 348
wv_move_waveview 1 612 342
wv_move_waveview 1 596 338
wv_move_waveview 1 584 334
wv_move_waveview 1 570 330
wv_move_waveview 1 552 325
wv_move_waveview 1 533 320
wv_move_waveview 1 513 315
wv_move_waveview 1 496 311
wv_move_waveview 1 480 306
wv_move_waveview 1 464 300
wv_move_waveview 1 446 295
wv_move_waveview 1 425 285
wv_move_waveview 1 396 274
wv_move_waveview 1 388 270
wv_move_waveview 1 380 267
wv_move_waveview 1 371 262
wv_move_waveview 1 356 256
wv_move_waveview 1 343 251
wv_move_waveview 1 325 247
wv_move_waveview 1 318 244
wv_move_waveview 1 313 242
wv_move_waveview 1 309 240
wv_move_waveview 1 307 239
wv_move_waveview 1 300 235
wv_move_waveview 1 293 231
wv_move_waveview 1 286 228
wv_move_waveview 1 281 225
wv_move_waveview 1 279 224
wv_move_waveview 1 278 223
wv_move_waveview 1 278 222
wv_move_waveview 1 276 222
wv_move_waveview 1 275 221
wv_move_waveview 1 273 219
wv_move_waveview 1 271 217
wv_move_waveview 1 267 213
wv_move_waveview 1 264 212
wv_move_waveview 1 264 211
wv_move_waveview 1 263 211
wv_move_waveview 1 263 210
wv_select_toolbar_item {WaveView Docking}
wv_select_menu_item {Config} {Preferences ...}
wv_move_dialog PreferenceSettings 544 55
wv_select_dialog PreferenceSettings
wv_close_dialog PreferenceSettings
wv_press_key Esc
wv_press_key Esc
wv_press_key Esc
wv_select_toolbar_item {Preferences}
wv_move_dialog PreferenceSettings 553 57
wv_select_dialog PreferenceSettings
wv_select_tab PreferenceSettings.Preference 1
wv_close_dialog PreferenceSettings
wv_select_toolbar_item {Preferences}
wv_move_dialog PreferenceSettings 544 55
wv_select_dialog PreferenceSettings
wv_select_tab PreferenceSettings.Preference 1
wv_close_dialog PreferenceSettings
wv_select_menu_item {WaveView} {Dump Screen}
wv_move_dialog SaveScreenDump 622 413
wv_select_dialog SaveScreenDump
wv_set_check SaveScreenDump.UseMaxWVHeight 0
wv_press_button SaveScreenDump.Save
wv_move_dialog Confirmation 734 454
wv_select_dialog Confirmation
wv_press_button Confirmation.Ok
#screen dump generated
wv_select_panel WV1.PANEL2:1 5.04721e-09 -inf
wv_select_panel WV1.PANEL4:1 4.92704e-09 inf
wv_select_panel WV1.PANEL5:1 4.897e-09 inf
wv_select_panel WV1.PANEL5:1 4.897e-09 inf
wv_select_panel WV1.PANEL5:1 5.1073e-09 inf
wv_select_panel WV1.PANEL1:1 5.82833e-09 -inf
wv_select_panel WV1.PANEL4:1 4.74678e-09 -inf
wv_select_panel WV1.PANEL1:1 1.50215e-10 inf
wv_close_window CustomWaveView
wv_move_dialog Confirmation 743 454
wv_select_dialog Confirmation
# wv_press_button Confirmation.Ok
