cd /home/grads/c/chandrahas996/ECEN468/lab6/SRC/
gdb.shell.exe
spawn /softwares/Linux/mentor/vista312/linux64/tools.64bit/bin/gdb -quiet -interp=opengdb -runtcl="/softwares/Linux/mentor/vista312/generic/tcl/v2/gdb/gdb.tcl" --nx

(vista) BFD: /usr/lib64/libm.so.6: invalid relocation type 37
BFD: BFD 2.17.50 20061115 assertion fail elf64-x86-64.c:259
BFD: /usr/lib64/libm.so.6: invalid relocation type 37
BFD: BFD 2.17.50 20061115 assertion fail elf64-x86-64.c:259
BFD: /usr/lib64/libm.so.6: invalid relocation type 37
BFD: BFD 2.17.50 20061115 assertion fail elf64-x86-64.c:259
BFD: /usr/lib64/libm.so.6: invalid relocation type 37
BFD: BFD 2.17.50 20061115 assertion fail elf64-x86-64.c:259
BFD: /usr/lib64/libm.so.6: invalid relocation type 37
BFD: BFD 2.17.50 20061115 assertion fail elf64-x86-64.c:259
BFD: /usr/lib64/libm.so.6: invalid relocation type 37
BFD: BFD 2.17.50 20061115 assertion fail elf64-x86-64.c:259
BFD: /usr/lib64/libm.so.6: invalid relocation type 37
BFD: BFD 2.17.50 20061115 assertion fail elf64-x86-64.c:259
BFD: /usr/lib64/libm.so.6: invalid relocation type 37
BFD: BFD 2.17.50 20061115 assertion fail elf64-x86-64.c:259
BFD: /usr/lib64/libm.so.6: invalid relocation type 37
BFD: BFD 2.17.50 20061115 assertion fail elf64-x86-64.c:259
BFD: /usr/lib64/libm.so.6: invalid relocation type 37
BFD: BFD 2.17.50 20061115 assertion fail elf64-x86-64.c:259
BFD: /usr/lib64/libm.so.6: invalid relocation type 37
BFD: BFD 2.17.50 20061115 assertion fail elf64-x86-64.c:259
BFD: /usr/lib64/libm.so.6: invalid relocation type 37
BFD: BFD 2.17.50 20061115 assertion fail elf64-x86-64.c:259
BFD: /usr/lib64/libc.so.6: invalid relocation type 37
BFD: BFD 2.17.50 20061115 assertion fail elf64-x86-64.c:259
BFD: /usr/lib64/libc.so.6: invalid relocation type 37
BFD: BFD 2.17.50 20061115 assertion fail elf64-x86-64.c:259
BFD: /usr/lib64/libc.so.6: invalid relocation type 37
BFD: BFD 2.17.50 20061115 assertion fail elf64-x86-64.c:259
BFD: /usr/lib64/libc.so.6: invalid relocation type 37
BFD: BFD 2.17.50 20061115 assertion fail elf64-x86-64.c:259
BFD: /usr/lib64/libc.so.6: invalid relocation type 37
BFD: BFD 2.17.50 20061115 assertion fail elf64-x86-64.c:259
BFD: /usr/lib64/libc.so.6: invalid relocation type 37
BFD: BFD 2.17.50 20061115 assertion fail elf64-x86-64.c:259
BFD: /usr/lib64/libc.so.6: invalid relocation type 37
BFD: BFD 2.17.50 20061115 assertion fail elf64-x86-64.c:259
Vista SystemC 2.2 Runtime Kernel.
Built September 15, 2011. License version 2011.9.
Copyright (c) 2005-2011, Mentor Graphics Corporation.

             SystemC 2.2.0 --- Sep 15 2011 00:24:25
        Copyright (c) 1996-2006 by all Contributors
                    ALL RIGHTS RESERVED

Info: (I804) /IEEE_Std_1666/deprecated: sc_start(double) deprecated, use sc_start(sc_time) or sc_start()
WARNING: Default time step is used for VCD tracing.

Info: (I804) /IEEE_Std_1666/deprecated: sc_get_curr_process_handle deprecated use sc_get_current_process_handle
------------------- Beginning of Verification I
Read Operation on SRAM: Address=2,Data in SRAM =122
2
122
122
Read Operation on SRAM: Address=9,Data in SRAM =182
9
182
182
Read Operation on SRAM: Address=2,Data in SRAM =221
2
221
221
Read Operation on SRAM: Address=7,Data in SRAM =243
7
243
243
Read Operation on SRAM: Address=9,Data in SRAM =198
9
198
198
------------------- End of Verification I

------------------- Beginning of Verification II
Read Operation on SRAM: Address=9,Data in SRAM =120
9
120
120
Read Operation on SRAM: Address=9,Data in SRAM =112
9
112
112
Read Operation on SRAM: Address=9,Data in SRAM =115
9
115
115
Read Operation on SRAM: Address=9,Data in SRAM =101
9
101
101
Read Operation on SRAM: Address=9,Data in SRAM =117
9
117
117
------------------- End of Verification II

Info: (I804) /IEEE_Std_1666/deprecated: You can turn off warnings about
             IEEE 1666 deprecated features by placing this method call as the
             first statement in your sc_main() function:

  sc_report_handler::set_actions("/IEEE_Std_1666/deprecated", SC_DO_NOTHING);


Program is about to exit.
#0  0x000000000062b380 in summit_sc::Runtime::atExitCallback ()
(vista) 
