### CustomExplorer log file, revision E-2011.03-1 (build 1103) ###
### created at 18:51:37 on Thu Mar  8 2018 (Linux AMD64) ###
wv_start_log
# (0) running in waveview only mode
# (0) HOME defined
wv_move_window CustomWaveView 0 0
wv_resize_window CustomWaveView 800 400
wv_move_window CustomWaveView 0 31
wv_resize_window CustomWaveView 1680 951
sx_open_sim_file_read {VCD_RAM.vcd}
wv_resize_window CustomWaveView 800 400
wv_resize_window CustomWaveView 1680 951
wv_move_window CustomWaveView -10 20
wv_expand_hierview_item {FILE0:D0:VCD_RAM.vcd}
wv_select_hierview_item {FILE0:D0:VCD_RAM.vcd} {SystemC}
wv_select_sigview_item strbWE
wv_drag_sigview_item strbWE
wv_drag_sigview_item {strOutData[7:0]}
wv_drag_enter WV1
wv_drop_on WV1
wv_select_wv_item WV1.LEGEND.WIDTH
wv_drag_item_to WV1 83 74
wv_move_wv_item WV1.PANEL1:1.LEGEND.WIDTH 188
wv_select_wv_item WV1.LEGEND.WIDTH
wv_drag_item_to WV1 193 82
wv_move_wv_item WV1.PANEL1:1.LEGEND.WIDTH 281
wv_select_wv_item WV1.PANEL1:1.LEGEND
wv_select_panel WV1.PANEL1:1.LEGEND
wv_ctrl_select_panel WV1.PANEL2:1.LEGEND
wv_ctrl_select_panel WV1.PANEL3:1.LEGEND
wv_ctrl_select_panel WV1.PANEL4:1.LEGEND
wv_ctrl_select_panel WV1.PANEL5:1.LEGEND
wv_waveview_context_menu WV1.PANEL3:1.LINE1
wv_select_context_menu_item {Radix} {Decimal}
wv_waveview_context_menu WV1.PANEL4:1.LINE1
wv_select_context_menu_item {Signal Name} {Signal Name Only}
wv_release_wv_item WV1 272 239
wv_release_wv_item WV1 255 235
wv_release_wv_item WV1 271 238
wv_release_wv_item WV1 252 222
wv_select_wv_item WV1.LEGEND.WIDTH
wv_drag_item_to WV1 278 291
wv_move_wv_item WV1.PANEL1:1.LEGEND.WIDTH 217
wv_select_panel WV1.PANEL1:1 8.97675e-08 -inf
wv_drag_item_to WV1 768 375
wv_select_menu_item {WaveView} {Dump Screen}
wv_move_dialog SaveScreenDump 622 413
wv_select_dialog SaveScreenDump
wv_set_text SaveScreenDump.SaveToFile {lab6_simulation}
wv_press_button SaveScreenDump.Save
#screen dump generated
wv_close_window CustomWaveView
wv_move_dialog Confirmation 743 454
wv_select_dialog Confirmation
# wv_press_button Confirmation.Ok
