

07/02/2018 16:26:46
*****************************************************************************************


************************************************************
                                                            
      Copyright Mentor Graphics Corporation 2006 - 2011     
                  All Rights Reserved                       
                                                            
       THIS WORK CONTAINS TRADE SECRET AND PROPRIETARY      
         INFORMATION WHICH IS THE PROPERTY OF MENTOR        
         GRAPHICS CORPORATION OR ITS LICENSORS AND IS       
                 SUBJECT TO LICENSE TERMS.                  
                                                            
************************************************************




08/02/2018 17:12:22
*****************************************************************************************


************************************************************
                                                            
      Copyright Mentor Graphics Corporation 2006 - 2011     
                  All Rights Reserved                       
                                                            
       THIS WORK CONTAINS TRADE SECRET AND PROPRIETARY      
         INFORMATION WHICH IS THE PROPERTY OF MENTOR        
         GRAPHICS CORPORATION OR ITS LICENSORS AND IS       
                 SUBJECT TO LICENSE TERMS.                  
                                                            
************************************************************




08/02/2018 17:24:54
*****************************************************************************************


************************************************************
                                                            
      Copyright Mentor Graphics Corporation 2006 - 2011     
                  All Rights Reserved                       
                                                            
       THIS WORK CONTAINS TRADE SECRET AND PROPRIETARY      
         INFORMATION WHICH IS THE PROPERTY OF MENTOR        
         GRAPHICS CORPORATION OR ITS LICENSORS AND IS       
                 SUBJECT TO LICENSE TERMS.                  
                                                            
************************************************************




08/02/2018 17:28:03
*****************************************************************************************


************************************************************
                                                            
      Copyright Mentor Graphics Corporation 2006 - 2011     
                  All Rights Reserved                       
                                                            
       THIS WORK CONTAINS TRADE SECRET AND PROPRIETARY      
         INFORMATION WHICH IS THE PROPERTY OF MENTOR        
         GRAPHICS CORPORATION OR ITS LICENSORS AND IS       
                 SUBJECT TO LICENSE TERMS.                  
                                                            
************************************************************




08/02/2018 17:31:24
*****************************************************************************************


************************************************************
                                                            
      Copyright Mentor Graphics Corporation 2006 - 2011     
                  All Rights Reserved                       
                                                            
       THIS WORK CONTAINS TRADE SECRET AND PROPRIETARY      
         INFORMATION WHICH IS THE PROPERTY OF MENTOR        
         GRAPHICS CORPORATION OR ITS LICENSORS AND IS       
                 SUBJECT TO LICENSE TERMS.                  
                                                            
************************************************************


