### CustomExplorer log file, revision E-2011.03-1 (build 1103) ###
### created at 11:31:42 on Thu Mar  8 2018 (Linux AMD64) ###
wv_start_log
# (0) running in waveview only mode
# (0) HOME defined
wv_move_window CustomWaveView 0 0
wv_resize_window CustomWaveView 800 400
wv_move_window CustomWaveView 0 33
wv_resize_window CustomWaveView 1680 951
sx_open_sim_file_read {SRC/VCD_RAM.vcd}
wv_resize_window CustomWaveView 800 400
wv_resize_window CustomWaveView 1680 951
wv_move_window CustomWaveView -10 20
wv_expand_hierview_item {FILE0:D0:VCD_RAM.vcd}
wv_select_hierview_item {FILE0:D0:VCD_RAM.vcd} {SystemC}
wv_select_sigview_item strbWE
wv_drag_sigview_item strbCE
wv_drag_enter WV1
wv_drop_on WV1
wv_select_panel WV1.PANEL1:1 3.47932e-09 -inf
wv_release_wv_item WV1 114 206
wv_select_wv_item WV1.PANEL2:1.LEGEND
wv_select_panel WV1.PANEL2:1.LEGEND
wv_ctrl_select_panel WV1.PANEL3:1.LEGEND
wv_waveview_context_menu WV1.PANEL3:1.LINE1
wv_select_context_menu_item {Radix} {Decimal}
wv_select_panel WV1.PANEL1:1 1.21776e-08 -inf
wv_drag_item_to WV1 205 471
wv_select_wv_item WV1.LEGEND.WIDTH
wv_drag_item_to WV1 83 488
wv_move_wv_item WV1.PANEL1:1.LEGEND.WIDTH 307
wv_select_wv_item WV1.PANEL1:1.LEGEND
wv_select_panel WV1.PANEL1:1.LEGEND
wv_select_panel WV1.PANEL2:1 1.1851e-07 inf
wv_select_panel WV1.PANEL2:1 1.16768e-07 inf
wv_select_panel WV1.PANEL2:1 1.16961e-07 inf
wv_select_menu_item {WaveView} {Refresh}
wv_select_menu_item {File} {Update Waveform Files}
wv_move_dialog ReloadFiles 574 446
wv_select_dialog ReloadFiles
wv_press_button ReloadFiles.YesAll
wv_select_hierview_item {FILE0:D0:VCD_RAM.vcd} {SystemC}
wv_select_panel WV1.PANEL2:1 5.80933e-10 inf
wv_select_menu_item {File} {Update Waveform Files}
wv_move_dialog ReloadFiles 574 446
wv_select_dialog ReloadFiles
wv_press_button ReloadFiles.Yes
wv_select_hierview_item {FILE0:D0:VCD_RAM.vcd} {SystemC}
wv_select_panel WV1.PANEL2:1 1.05149e-07 inf
wv_select_panel WV1.PANEL2:1 1.05149e-07 inf
wv_select_panel WV1.PANEL2:1 1.04955e-07 inf
wv_select_panel WV1.PANEL2:1 1.04955e-07 inf
wv_select_menu_item {File} {Update Waveform Files}
wv_move_dialog ReloadFiles 574 446
wv_select_dialog ReloadFiles
wv_press_button ReloadFiles.YesAll
wv_select_hierview_item {FILE0:D0:VCD_RAM.vcd} {SystemC}
wv_select_menu_item {File} {Update Waveform Files}
wv_move_dialog ReloadFiles 574 446
wv_select_dialog ReloadFiles
wv_press_button ReloadFiles.YesAll
wv_select_hierview_item {FILE0:D0:VCD_RAM.vcd} {SystemC}
wv_select_wv_item WV1.PANEL2:1.LEGEND
wv_select_panel WV1.PANEL2:1.LEGEND
wv_select_menu_item {File} {Update Waveform Files}
wv_move_dialog ReloadFiles 574 446
wv_select_dialog ReloadFiles
wv_press_button ReloadFiles.YesAll
wv_select_hierview_item {FILE0:D0:VCD_RAM.vcd} {SystemC}
wv_select_menu_item {File} {Update Waveform Files}
wv_move_dialog ReloadFiles 574 446
wv_select_dialog ReloadFiles
wv_press_button ReloadFiles.YesAll
wv_select_hierview_item {FILE0:D0:VCD_RAM.vcd} {SystemC}
wv_close_window CustomWaveView
wv_move_dialog Confirmation 743 454
wv_select_dialog Confirmation
# wv_press_button Confirmation.Ok
