### CustomExplorer log file, revision E-2011.03-1 (build 1103) ###
### created at 17:03:30 on Thu Mar 22 2018 (Linux AMD64) ###
wv_start_log
# (0) running in waveview only mode
# (0) HOME defined
wv_move_window CustomWaveView 0 0
wv_resize_window CustomWaveView 800 400
wv_move_window CustomWaveView 0 33
wv_resize_window CustomWaveView 1680 951
wv_resize_window CustomWaveView 800 400
sx_open_sim_file_read {wave.dump}
wv_resize_window CustomWaveView 1680 951
wv_expand_hierview_item {FILE0:D0:wave.dump}
wv_select_hierview_item {FILE0:D0:wave.dump} {stimulus}
wv_ctrl_select_sigview_item cCE
wv_ctrl_select_sigview_item cWE
wv_ctrl_select_sigview_item i
wv_ctrl_select_sigview_item {vAddr[17:0]}
wv_drag_sigview_item {vAddr[17:0]}
wv_ctrl_select_sigview_item {vInData[7:0]}
wv_ctrl_select_sigview_item {vOutData[7:0]}
wv_drag_sigview_item {vOutData[7:0]}
wv_drag_sigview_item {vInData[7:0]}
wv_drag_enter WV1
wv_drop_on WV1
wv_select_wv_item WV1.PANEL6:1.LEGEND
wv_drag_item_to WV1 74 166
wv_drag_enter WV1
wv_drag_to WV1 79 167
wv_drop_on WV1
wv_drag_item_to WV1 79 167
wv_select_wv_item WV1.LEGEND.WIDTH
wv_drag_item_to WV1 85 198
wv_move_wv_item WV1.PANEL1:1.LEGEND.WIDTH 181
wv_release_wv_item WV1 175 244
wv_select_menu_item {WaveView} {Dump Screen}
wv_move_dialog SaveScreenDump 622 413
wv_select_dialog SaveScreenDump
wv_set_text SaveScreenDump.SaveToFile {Lab7_3}
wv_press_button SaveScreenDump.SaveToFileBrowse
wv_select_dialog FileDialog
wv_set_text SaveScreenDump.SaveToFile {Lab7_3}
wv_set_text FileDialog.FileName {}
wv_close_dialog FileDialog
wv_select_dialog SaveScreenDump
wv_set_text SaveScreenDump.SaveToFile {Lab7_3}
wv_press_button SaveScreenDump.Save
#screen dump generated
wv_close_window CustomWaveView
wv_move_dialog Confirmation 743 454
wv_select_dialog Confirmation
# wv_press_button Confirmation.Ok
