

21/02/2018 22:01:32
*****************************************************************************************


************************************************************
                                                            
      Copyright Mentor Graphics Corporation 2006 - 2011     
                  All Rights Reserved                       
                                                            
       THIS WORK CONTAINS TRADE SECRET AND PROPRIETARY      
         INFORMATION WHICH IS THE PROPERTY OF MENTOR        
         GRAPHICS CORPORATION OR ITS LICENSORS AND IS       
                 SUBJECT TO LICENSE TERMS.                  
                                                            
************************************************************




22/02/2018 10:39:26
*****************************************************************************************


************************************************************
                                                            
      Copyright Mentor Graphics Corporation 2006 - 2011     
                  All Rights Reserved                       
                                                            
       THIS WORK CONTAINS TRADE SECRET AND PROPRIETARY      
         INFORMATION WHICH IS THE PROPERTY OF MENTOR        
         GRAPHICS CORPORATION OR ITS LICENSORS AND IS       
                 SUBJECT TO LICENSE TERMS.                  
                                                            
************************************************************




22/02/2018 10:52:02
*****************************************************************************************


************************************************************
                                                            
      Copyright Mentor Graphics Corporation 2006 - 2011     
                  All Rights Reserved                       
                                                            
       THIS WORK CONTAINS TRADE SECRET AND PROPRIETARY      
         INFORMATION WHICH IS THE PROPERTY OF MENTOR        
         GRAPHICS CORPORATION OR ITS LICENSORS AND IS       
                 SUBJECT TO LICENSE TERMS.                  
                                                            
************************************************************




01/03/2018 04:46:16
*****************************************************************************************


************************************************************
                                                            
      Copyright Mentor Graphics Corporation 2006 - 2011     
                  All Rights Reserved                       
                                                            
       THIS WORK CONTAINS TRADE SECRET AND PROPRIETARY      
         INFORMATION WHICH IS THE PROPERTY OF MENTOR        
         GRAPHICS CORPORATION OR ITS LICENSORS AND IS       
                 SUBJECT TO LICENSE TERMS.                  
                                                            
************************************************************


